<?xml version="1.0" encoding="UTF-8"?>
<!-- Generated by org.testng.reporters.JUnitXMLReporter -->
<testsuite ignored="0" hostname="DESKTOP-6PR4VLF" failures="0" tests="3" name="ChromeTest" time="33.392" errors="0" timestamp="2022-11-17T01:29:42 IST">
  <testcase classname="com.gurutelecom.testcases.HomePageTest" name="verifyLogo" time="0.776"/>
  <testcase classname="com.gurutelecom.testcases.HomePageTest" name="verifyLogo" time="0.29"/>
  <testcase classname="com.gurutelecom.testcases.HomePageTest" name="verifyTitle" time="0.038"/>
</testsuite> <!-- ChromeTest -->
