<?xml version="1.0" encoding="UTF-8"?>
<!-- Generated by org.testng.reporters.JUnitXMLReporter -->
<testsuite ignored="2" hostname="DESKTOP-6PR4VLF" failures="0" tests="0" time="0.015" errors="0" timestamp="2022-12-12T16:14:38 IST">
  <testcase classname="com.gurutelecom.testcases.HomePageTest" name="verifyLogo" time="0.0">
    <ignored/>
  </testcase> <!-- verifyLogo -->
  <testcase classname="com.gurutelecom.testcases.HomePageTest" name="verifyTitle" time="0.0">
    <ignored/>
  </testcase> <!-- verifyTitle -->
</testsuite>
