<?xml version="1.0" encoding="UTF-8"?>
<!-- Generated by org.testng.reporters.JUnitXMLReporter -->
<testsuite ignored="0" hostname="DESKTOP-6PR4VLF" failures="1" tests="2" name="Test_ALL" time="91.543" errors="0" timestamp="2022-12-12T17:43:19 IST">
  <testcase classname="com.gurutelecom.testcases.HomePageTest" name="verifyLogo" time="0.664"/>
  <testcase classname="com.gurutelecom.testcases.HomePageTest" name="verifyTitle" time="0.021">
    <failure type="java.lang.AssertionError" message="expected [Guru99 Telecom1] but found [Guru99 Telecom]">
      <![CDATA[java.lang.AssertionError: expected [Guru99 Telecom1] but found [Guru99 Telecom]
at com.gurutelecom.testcases.HomePageTest.verifyTitle(HomePageTest.java:46)
at java.base/java.util.ArrayList.forEach(ArrayList.java:1511)
... Removed 30 stack frames]]>
    </failure>
  </testcase> <!-- verifyTitle -->
</testsuite> <!-- Test_ALL -->
